#
# There is insufficient memory for the Java Runtime Environment to continue.
# Native memory allocation (mmap) failed to map 158859264 bytes for committing reserved memory.
# Possible reasons:
#   The system is out of physical RAM or swap space
#   In 32 bit mode, the process size limit was hit
# Possible solutions:
#   Reduce memory load on the system
#   Increase physical memory or swap space
#   Check if swap backing store is full
#   Use 64 bit Java on a 64 bit OS
#   Decrease Java heap size (-Xmx/-Xms)
#   Decrease number of Java threads
#   Decrease Java thread stack sizes (-Xss)
#   Set larger code cache with -XX:ReservedCodeCacheSize=
# This output file may be truncated or incomplete.
#
#  Out of Memory Error (os_linux.cpp:2627), pid=11329, tid=140647498430208
#
# JRE version: Java(TM) SE Runtime Environment (8.0_91-b14) (build 1.8.0_91-b14)
# Java VM: Java HotSpot(TM) 64-Bit Server VM (25.91-b14 mixed mode linux-amd64 compressed oops)
# Failed to write core dump. Core dumps have been disabled. To enable core dumping, try "ulimit -c unlimited" before starting Java again
#

---------------  T H R E A D  ---------------

Current thread (0x00007feb08078000):  VMThread [stack: 0x00007feb0c1eb000,0x00007feb0c2ec000] [id=11338]

Stack: [0x00007feb0c1eb000,0x00007feb0c2ec000],  sp=0x00007feb0c2ea120,  free space=1020k
Native frames: (J=compiled Java code, j=interpreted, Vv=VM code, C=native code)
V  [libjvm.so+0xabc18a]  VMError::report_and_die()+0x2ba
V  [libjvm.so+0x4fafeb]  report_vm_out_of_memory(char const*, int, unsigned long, VMErrorType, char const*)+0x8b
V  [libjvm.so+0x91cbb3]  os::Linux::commit_memory_impl(char*, unsigned long, bool)+0x103
V  [libjvm.so+0x91d109]  os::pd_commit_memory(char*, unsigned long, unsigned long, bool)+0x29
V  [libjvm.so+0x91740a]  os::commit_memory(char*, unsigned long, unsigned long, bool)+0x2a
V  [libjvm.so+0x98b033]  PSVirtualSpace::expand_by(unsigned long)+0x53
V  [libjvm.so+0x97b920]  PSOldGen::expand(unsigned long)+0x170
V  [libjvm.so+0x97bb2b]  PSOldGen::resize(unsigned long)+0x1cb
V  [libjvm.so+0x983801]  PSParallelCompact::invoke_no_policy(bool)+0x991
V  [libjvm.so+0x98915d]  PSScavenge::invoke()+0x1ad
V  [libjvm.so+0x9408b0]  ParallelScavengeHeap::failed_mem_allocate(unsigned long)+0x70
V  [libjvm.so+0xabdba7]  VM_ParallelGCFailedAllocation::doit()+0x97
V  [libjvm.so+0xac55d5]  VM_Operation::evaluate()+0x55
V  [libjvm.so+0xac39aa]  VMThread::evaluate_operation(VM_Operation*)+0xba
V  [libjvm.so+0xac3d2e]  VMThread::loop()+0x1ce
V  [libjvm.so+0xac41a0]  VMThread::run()+0x70
V  [libjvm.so+0x91ef78]  java_start(Thread*)+0x108

VM_Operation (0x00007feae5dde960): ParallelGCFailedAllocation, mode: safepoint, requested by thread 0x00007feb081b2800


---------------  P R O C E S S  ---------------

Java Threads: ( => current thread )
  0x00007feb081b9800 JavaThread "pool-2-thread-4" [_thread_blocked, id=11352, stack(0x00007feae58dc000,0x00007feae59dd000)]
  0x00007feb081b8000 JavaThread "pool-2-thread-3" [_thread_blocked, id=11351, stack(0x00007feae59dd000,0x00007feae5ade000)]
  0x00007feb081b6000 JavaThread "pool-2-thread-2" [_thread_blocked, id=11350, stack(0x00007feae5ade000,0x00007feae5bdf000)]
  0x00007feb081b5000 JavaThread "pool-3-thread-1" [_thread_blocked, id=11349, stack(0x00007feae5bdf000,0x00007feae5ce0000)]
  0x00007feb081b2800 JavaThread "pool-2-thread-1" [_thread_blocked, id=11348, stack(0x00007feae5ce0000,0x00007feae5de1000)]
  0x00007feb080c1000 JavaThread "Service Thread" daemon [_thread_blocked, id=11346, stack(0x00007feaf803b000,0x00007feaf813c000)]
  0x00007feb080be000 JavaThread "C1 CompilerThread2" daemon [_thread_blocked, id=11345, stack(0x00007feaf813c000,0x00007feaf823d000)]
  0x00007feb080bc800 JavaThread "C2 CompilerThread1" daemon [_thread_blocked, id=11344, stack(0x00007feaf823d000,0x00007feaf833e000)]
  0x00007feb080b9800 JavaThread "C2 CompilerThread0" daemon [_thread_in_native, id=11343, stack(0x00007feaf833e000,0x00007feaf843f000)]
  0x00007feb080b8000 JavaThread "Signal Dispatcher" daemon [_thread_blocked, id=11342, stack(0x00007feaf843f000,0x00007feaf8540000)]
  0x00007feb08084000 JavaThread "Finalizer" daemon [_thread_blocked, id=11340, stack(0x00007feaf8eff000,0x00007feaf9000000)]
  0x00007feb0807f800 JavaThread "Reference Handler" daemon [_thread_blocked, id=11339, stack(0x00007feb0c0ea000,0x00007feb0c1eb000)]
  0x00007feb0800a000 JavaThread "main" [_thread_blocked, id=11333, stack(0x00007feb118a5000,0x00007feb119a6000)]

Other Threads:
=>0x00007feb08078000 VMThread [stack: 0x00007feb0c1eb000,0x00007feb0c2ec000] [id=11338]
  0x00007feb080c4000 WatcherThread [stack: 0x00007feae5eff000,0x00007feae6000000] [id=11347]

VM state:at safepoint (normal execution)

VM Mutex/Monitor currently owned by a thread:  ([mutex/lock_event])
[0x00007feb08005e90] ExpandHeap_lock - owner thread: 0x00007feb08078000
[0x00007feb08006510] Threads_lock - owner thread: 0x00007feb08078000
[0x00007feb08006a10] Heap_lock - owner thread: 0x00007feb081b2800

Heap:
 PSYoungGen      total 228864K, used 11486K [0x00000000eab00000, 0x00000000ffc00000, 0x0000000100000000)
  eden space 116736K, 0% used [0x00000000eab00000,0x00000000eab00000,0x00000000f1d00000)
  from space 112128K, 10% used [0x00000000f8e80000,0x00000000f99b7a00,0x00000000ffc00000)
  to   space 114176K, 0% used [0x00000000f1d00000,0x00000000f1d00000,0x00000000f8c80000)
 ParOldGen       total 346624K, used 346557K [0x00000000c0000000, 0x00000000d5280000, 0x00000000eab00000)
  object space 346624K, 99% used [0x00000000c0000000,0x00000000d526f648,0x00000000d5280000)
 Metaspace       used 6595K, capacity 7320K, committed 7680K, reserved 1056768K
  class space    used 616K, capacity 656K, committed 768K, reserved 1048576K

Card table byte_map: [0x00007feb0e456000,0x00007feb0e657000] byte_map_base: 0x00007feb0de56000

Marking Bits: (ParMarkBitMap*) 0x00007feb10d74d60
 Begin Bits: [0x00007feae6000000, 0x00007feae7000000)
 End Bits:   [0x00007feae7000000, 0x00007feae8000000)

Polling page: 0x00007feb119c3000

CodeCache: size=245760Kb used=11222Kb max_used=11953Kb free=234537Kb
 bounds [0x00007feaf9000000, 0x00007feaf9bd0000, 0x00007feb08000000]
 total_blobs=2588 nmethods=2319 adapters=182
 compilation: enabled

Compilation events (10 events):
Event: 16,891 Thread 0x00007feb080be000 2780       1       com.android.dx.rop.cst.CstLiteral32::fitsInInt (2 bytes)
Event: 16,891 Thread 0x00007feb080be000 nmethod 2780 0x00007feaf911ff10 code [0x00007feaf9120060, 0x00007feaf9120170]
Event: 16,900 Thread 0x00007feb080be000 2781 % !   3       com.android.dx.dex.cf.CfTranslator::processFields @ 23 (251 bytes)
Event: 16,906 Thread 0x00007feb080be000 nmethod 2781% 0x00007feaf9b9e890 code [0x00007feaf9b9eda0, 0x00007feaf9ba2268]
Event: 17,439 Thread 0x00007feb080bc800 nmethod 2567% 0x00007feaf9bc00d0 code [0x00007feaf9bc08e0, 0x00007feaf9bc5618]
Event: 17,439 Thread 0x00007feb080bc800 2783       4       com.android.dx.cf.code.BaseMachine::storeResults (90 bytes)
Event: 17,526 Thread 0x00007feb080bc800 nmethod 2783 0x00007feaf91c9e90 code [0x00007feaf91ca220, 0x00007feaf91cbf28]
Event: 17,526 Thread 0x00007feb080bc800 2785   !   4       com.android.dx.cf.code.BytecodeArray::parseInstruction (2764 bytes)
Event: 17,533 Thread 0x00007feb080be000 2786       2       com.android.dx.rop.cst.CstLiteralBits::fitsIn16Bits (26 bytes)
Event: 17,533 Thread 0x00007feb080be000 nmethod 2786 0x00007feaf91a3a50 code [0x00007feaf91a3bc0, 0x00007feaf91a3d98]

GC Heap History (10 events):
Event: 14,996 GC heap after
Heap after GC invocations=20 (full 4):
 PSYoungGen      total 239104K, used 51148K [0x00000000eab00000, 0x0000000100000000, 0x0000000100000000)
  eden space 167936K, 0% used [0x00000000eab00000,0x00000000eab00000,0x00000000f4f00000)
  from space 71168K, 71% used [0x00000000fba80000,0x00000000fec73140,0x0000000100000000)
  to   space 90624K, 0% used [0x00000000f4f00000,0x00000000f4f00000,0x00000000fa780000)
 ParOldGen       total 346624K, used 225140K [0x00000000c0000000, 0x00000000d5280000, 0x00000000eab00000)
  object space 346624K, 64% used [0x00000000c0000000,0x00000000cdbdd360,0x00000000d5280000)
 Metaspace       used 6588K, capacity 7320K, committed 7680K, reserved 1056768K
  class space    used 615K, capacity 656K, committed 768K, reserved 1048576K
}
Event: 15,659 GC heap before
{Heap before GC invocations=21 (full 4):
 PSYoungGen      total 239104K, used 219084K [0x00000000eab00000, 0x0000000100000000, 0x0000000100000000)
  eden space 167936K, 100% used [0x00000000eab00000,0x00000000f4f00000,0x00000000f4f00000)
  from space 71168K, 71% used [0x00000000fba80000,0x00000000fec73140,0x0000000100000000)
  to   space 90624K, 0% used [0x00000000f4f00000,0x00000000f4f00000,0x00000000fa780000)
 ParOldGen       total 346624K, used 225140K [0x00000000c0000000, 0x00000000d5280000, 0x00000000eab00000)
  object space 346624K, 64% used [0x00000000c0000000,0x00000000cdbdd360,0x00000000d5280000)
 Metaspace       used 6593K, capacity 7320K, committed 7680K, reserved 1056768K
  class space    used 615K, capacity 656K, committed 768K, reserved 1048576K
Event: 15,951 GC heap after
Heap after GC invocations=21 (full 4):
 PSYoungGen      total 246272K, used 78259K [0x00000000eab00000, 0x0000000100000000, 0x0000000100000000)
  eden space 167936K, 0% used [0x00000000eab00000,0x00000000eab00000,0x00000000f4f00000)
  from space 78336K, 99% used [0x00000000f4f00000,0x00000000f9b6cf08,0x00000000f9b80000)
  to   space 100864K, 0% used [0x00000000f9d80000,0x00000000f9d80000,0x0000000100000000)
 ParOldGen       total 346624K, used 225148K [0x00000000c0000000, 0x00000000d5280000, 0x00000000eab00000)
  object space 346624K, 64% used [0x00000000c0000000,0x00000000cdbdf360,0x00000000d5280000)
 Metaspace       used 6593K, capacity 7320K, committed 7680K, reserved 1056768K
  class space    used 615K, capacity 656K, committed 768K, reserved 1048576K
}
Event: 16,529 GC heap before
{Heap before GC invocations=22 (full 4):
 PSYoungGen      total 246272K, used 246195K [0x00000000eab00000, 0x0000000100000000, 0x0000000100000000)
  eden space 167936K, 100% used [0x00000000eab00000,0x00000000f4f00000,0x00000000f4f00000)
  from space 78336K, 99% used [0x00000000f4f00000,0x00000000f9b6cf08,0x00000000f9b80000)
  to   space 100864K, 0% used [0x00000000f9d80000,0x00000000f9d80000,0x0000000100000000)
 ParOldGen       total 346624K, used 225148K [0x00000000c0000000, 0x00000000d5280000, 0x00000000eab00000)
  object space 346624K, 64% used [0x00000000c0000000,0x00000000cdbdf360,0x00000000d5280000)
 Metaspace       used 6594K, capacity 7320K, committed 7680K, reserved 1056768K
  class space    used 616K, capacity 656K, committed 768K, reserved 1048576K
Event: 16,704 GC heap after
Heap after GC invocations=22 (full 4):
 PSYoungGen      total 217600K, used 100850K [0x00000000eab00000, 0x0000000100000000, 0x0000000100000000)
  eden space 116736K, 0% used [0x00000000eab00000,0x00000000eab00000,0x00000000f1d00000)
  from space 100864K, 99% used [0x00000000f9d80000,0x00000000ffffcb88,0x0000000100000000)
  to   space 116224K, 0% used [0x00000000f1d00000,0x00000000f1d00000,0x00000000f8e80000)
 ParOldGen       total 346624K, used 225523K [0x00000000c0000000, 0x00000000d5280000, 0x00000000eab00000)
  object space 346624K, 65% used [0x00000000c0000000,0x00000000cdc3cc00,0x00000000d5280000)
 Metaspace       used 6594K, capacity 7320K, committed 7680K, reserved 1056768K
  class space    used 616K, capacity 656K, committed 768K, reserved 1048576K
}
Event: 17,088 GC heap before
{Heap before GC invocations=23 (full 4):
 PSYoungGen      total 217600K, used 217586K [0x00000000eab00000, 0x0000000100000000, 0x0000000100000000)
  eden space 116736K, 100% used [0x00000000eab00000,0x00000000f1d00000,0x00000000f1d00000)
  from space 100864K, 99% used [0x00000000f9d80000,0x00000000ffffcb88,0x0000000100000000)
  to   space 116224K, 0% used [0x00000000f1d00000,0x00000000f1d00000,0x00000000f8e80000)
 ParOldGen       total 346624K, used 225523K [0x00000000c0000000, 0x00000000d5280000, 0x00000000eab00000)
  object space 346624K, 65% used [0x00000000c0000000,0x00000000cdc3cc00,0x00000000d5280000)
 Metaspace       used 6594K, capacity 7320K, committed 7680K, reserved 1056768K
  class space    used 616K, capacity 656K, committed 768K, reserved 1048576K
Event: 17,411 GC heap after
Heap after GC invocations=23 (full 4):
 PSYoungGen      total 232960K, used 68335K [0x00000000eab00000, 0x0000000100000000, 0x0000000100000000)
  eden space 116736K, 0% used [0x00000000eab00000,0x00000000eab00000,0x00000000f1d00000)
  from space 116224K, 58% used [0x00000000f1d00000,0x00000000f5fbbdd8,0x00000000f8e80000)
  to   space 116224K, 0% used [0x00000000f8e80000,0x00000000f8e80000,0x0000000100000000)
 ParOldGen       total 346624K, used 275491K [0x00000000c0000000, 0x00000000d5280000, 0x00000000eab00000)
  object space 346624K, 79% used [0x00000000c0000000,0x00000000d0d08cb8,0x00000000d5280000)
 Metaspace       used 6594K, capacity 7320K, committed 7680K, reserved 1056768K
  class space    used 616K, capacity 656K, committed 768K, reserved 1048576K
}
Event: 17,918 GC heap before
{Heap before GC invocations=24 (full 4):
 PSYoungGen      total 232960K, used 185071K [0x00000000eab00000, 0x0000000100000000, 0x0000000100000000)
  eden space 116736K, 100% used [0x00000000eab00000,0x00000000f1d00000,0x00000000f1d00000)
  from space 116224K, 58% used [0x00000000f1d00000,0x00000000f5fbbdd8,0x00000000f8e80000)
  to   space 116224K, 0% used [0x00000000f8e80000,0x00000000f8e80000,0x0000000100000000)
 ParOldGen       total 346624K, used 275491K [0x00000000c0000000, 0x00000000d5280000, 0x00000000eab00000)
  object space 346624K, 79% used [0x00000000c0000000,0x00000000d0d08cb8,0x00000000d5280000)
 Metaspace       used 6595K, capacity 7320K, committed 7680K, reserved 1056768K
  class space    used 616K, capacity 656K, committed 768K, reserved 1048576K
Event: 18,329 GC heap after
Heap after GC invocations=24 (full 4):
 PSYoungGen      total 228864K, used 35233K [0x00000000eab00000, 0x00000000ffc00000, 0x0000000100000000)
  eden space 116736K, 0% used [0x00000000eab00000,0x00000000eab00000,0x00000000f1d00000)
  from space 112128K, 31% used [0x00000000f8e80000,0x00000000fb0e8600,0x00000000ffc00000)
  to   space 114176K, 0% used [0x00000000f1d00000,0x00000000f1d00000,0x00000000f8c80000)
 ParOldGen       total 346624K, used 325506K [0x00000000c0000000, 0x00000000d5280000, 0x00000000eab00000)
  object space 346624K, 93% used [0x00000000c0000000,0x00000000d3de0820,0x00000000d5280000)
 Metaspace       used 6595K, capacity 7320K, committed 7680K, reserved 1056768K
  class space    used 616K, capacity 656K, committed 768K, reserved 1048576K
}
Event: 18,330 GC heap before
{Heap before GC invocations=25 (full 5):
 PSYoungGen      total 228864K, used 35233K [0x00000000eab00000, 0x00000000ffc00000, 0x0000000100000000)
  eden space 116736K, 0% used [0x00000000eab00000,0x00000000eab00000,0x00000000f1d00000)
  from space 112128K, 31% used [0x00000000f8e80000,0x00000000fb0e8600,0x00000000ffc00000)
  to   space 114176K, 0% used [0x00000000f1d00000,0x00000000f1d00000,0x00000000f8c80000)
 ParOldGen       total 346624K, used 325506K [0x00000000c0000000, 0x00000000d5280000, 0x00000000eab00000)
  object space 346624K, 93% used [0x00000000c0000000,0x00000000d3de0820,0x00000000d5280000)
 Metaspace       used 6595K, capacity 7320K, committed 7680K, reserved 1056768K
  class space    used 616K, capacity 656K, committed 768K, reserved 1048576K

Deoptimization events (10 events):
Event: 11,750 Thread 0x00007feb0800a000 Uncommon trap: reason=bimorphic action=maybe_recompile pc=0x00007feaf9a7b5c4 method=com.android.dx.cf.code.BytecodeArray.parseInstruction(ILcom/android/dx/cf/code/BytecodeArray$Visitor;)I @ 1549
Event: 12,339 Thread 0x00007feb0800a000 Uncommon trap: reason=unstable_if action=reinterpret pc=0x00007feaf9b05528 method=com.android.dx.ssa.SsaMethod.blockIndexToRopLabel(I)I @ 1
Event: 12,447 Thread 0x00007feb0800a000 Uncommon trap: reason=unstable_if action=reinterpret pc=0x00007feaf96c9818 method=com.android.dx.ssa.SCCP.simulateStmt(Lcom/android/dx/ssa/SsaInsn;)V @ 435
Event: 12,841 Thread 0x00007feb081b8000 Uncommon trap: reason=unstable_if action=reinterpret pc=0x00007feaf9b4e4dc method=com.android.dx.rop.type.Type.isReference()Z @ 6
Event: 13,028 Thread 0x00007feb0800a000 Uncommon trap: reason=unstable_if action=reinterpret pc=0x00007feaf9157ec4 method=java.util.ArrayList.<init>(I)V @ 5
Event: 13,048 Thread 0x00007feb081b9800 Uncommon trap: reason=unstable_if action=reinterpret pc=0x00007feaf9113af8 method=java.util.ArrayList.<init>(I)V @ 5
Event: 13,525 Thread 0x00007feb081b2800 Uncommon trap: reason=unstable_if action=reinterpret pc=0x00007feaf9b3fab8 method=com.android.dx.cf.code.BaseMachine.getLocalTarget(Z)Lcom/android/dx/rop/code/RegisterSpec; @ 131
Event: 15,012 Thread 0x00007feb081b2800 Uncommon trap: reason=unstable_if action=reinterpret pc=0x00007feaf9b89eec method=com.android.dx.dex.code.RopTranslator.outputBlock(Lcom/android/dx/rop/code/BasicBlock;I)V @ 140
Event: 17,519 Thread 0x00007feb0800a000 Uncommon trap: reason=bimorphic action=maybe_recompile pc=0x00007feaf9b29fb8 method=com.android.dx.cf.code.BytecodeArray.parseInstruction(ILcom/android/dx/cf/code/BytecodeArray$Visitor;)I @ 891
Event: 17,519 Thread 0x00007feb0800a000 Uncommon trap: reason=bimorphic action=maybe_recompile pc=0x00007feaf9b29fb8 method=com.android.dx.cf.code.BytecodeArray.parseInstruction(ILcom/android/dx/cf/code/BytecodeArray$Visitor;)I @ 891

Internal exceptions (6 events):
Event: 0,038 Thread 0x00007feb0800a000 Exception <a 'java/lang/NoSuchMethodError': Method sun.misc.Unsafe.defineClass(Ljava/lang/String;[BII)Ljava/lang/Class; name or signature does not match> (0x00000000eab07cc0) thrown at [/HUDSON/workspace/8-2-build-linux-amd64/jdk8u91/6644/hotspot/src/shar
Event: 0,038 Thread 0x00007feb0800a000 Exception <a 'java/lang/NoSuchMethodError': Method sun.misc.Unsafe.prefetchRead(Ljava/lang/Object;J)V name or signature does not match> (0x00000000eab07fa8) thrown at [/HUDSON/workspace/8-2-build-linux-amd64/jdk8u91/6644/hotspot/src/share/vm/prims/jni.cpp
Event: 1,541 Thread 0x00007feb081b2800 Implicit null exception at 0x00007feaf939e151 to 0x00007feaf93a0911
Event: 3,050 Thread 0x00007feb081b8000 Exception <a 'java/lang/ArrayIndexOutOfBoundsException': 18> (0x00000000f00fb770) thrown at [/HUDSON/workspace/8-2-build-linux-amd64/jdk8u91/6644/hotspot/src/share/vm/interpreter/interpreterRuntime.cpp, line 366]
Event: 3,058 Thread 0x00007feb081b8000 Exception <a 'java/lang/ArrayIndexOutOfBoundsException': 145> (0x00000000f00fd2f0) thrown at [/HUDSON/workspace/8-2-build-linux-amd64/jdk8u91/6644/hotspot/src/share/vm/interpreter/interpreterRuntime.cpp, line 366]
Event: 3,062 Thread 0x00007feb081b8000 Exception <a 'java/lang/ArrayIndexOutOfBoundsException': 40> (0x00000000f00fe5d8) thrown at [/HUDSON/workspace/8-2-build-linux-amd64/jdk8u91/6644/hotspot/src/share/vm/interpreter/interpreterRuntime.cpp, line 366]

Events (10 events):
Event: 17,533 Thread 0x00007feb080be000 flushing nmethod 0x00007feaf933d6d0
Event: 17,533 Thread 0x00007feb080be000 flushing nmethod 0x00007feaf93400d0
Event: 17,533 Thread 0x00007feb080be000 flushing nmethod 0x00007feaf9342610
Event: 17,533 Thread 0x00007feb080be000 flushing nmethod 0x00007feaf9342cd0
Event: 17,533 Thread 0x00007feb080be000 flushing nmethod 0x00007feaf93433d0
Event: 17,533 Thread 0x00007feb080be000 flushing nmethod 0x00007feaf9345110
Event: 17,533 Thread 0x00007feb080be000 flushing nmethod 0x00007feaf93456d0
Event: 17,912 Thread 0x00007feb081b9800 DEOPT PACKING pc=0x00007feaf958ca81 sp=0x00007feae59db110
Event: 17,912 Thread 0x00007feb081b9800 DEOPT UNPACKING pc=0x00007feaf9047633 sp=0x00007feae59daec0 mode 0
Event: 17,918 Executing VM operation: ParallelGCFailedAllocation


Dynamic libraries:
00400000-00401000 r-xp 00000000 08:01 4589898                            /usr/lib/jvm/java-8-oracle/bin/java
00600000-00601000 rw-p 00000000 08:01 4589898                            /usr/lib/jvm/java-8-oracle/bin/java
00f69000-00f8a000 rw-p 00000000 00:00 0                                  [heap]
c0000000-d5280000 rw-p 00000000 00:00 0 
dea00000-eab00000 ---p 00000000 00:00 0 
eab00000-ffc00000 rw-p 00000000 00:00 0 
ffc00000-100000000 ---p 00000000 00:00 0 
100000000-1000c0000 rw-p 00000000 00:00 0 
1000c0000-140000000 ---p 00000000 00:00 0 
7feaa8000000-7feaa8021000 rw-p 00000000 00:00 0 
7feaa8021000-7feaac000000 ---p 00000000 00:00 0 
7feab0000000-7feab0029000 rw-p 00000000 00:00 0 
7feab0029000-7feab4000000 ---p 00000000 00:00 0 
7feab4000000-7feab4038000 rw-p 00000000 00:00 0 
7feab4038000-7feab8000000 ---p 00000000 00:00 0 
7feab8000000-7feab8027000 rw-p 00000000 00:00 0 
7feab8027000-7feabc000000 ---p 00000000 00:00 0 
7feabc000000-7feabc021000 rw-p 00000000 00:00 0 
7feabc021000-7feac0000000 ---p 00000000 00:00 0 
7feac0000000-7feac0021000 rw-p 00000000 00:00 0 
7feac0021000-7feac4000000 ---p 00000000 00:00 0 
7feac4000000-7feac4021000 rw-p 00000000 00:00 0 
7feac4021000-7feac8000000 ---p 00000000 00:00 0 
7feac8000000-7feac9f19000 rw-p 00000000 00:00 0 
7feac9f19000-7feacc000000 ---p 00000000 00:00 0 
7feacc000000-7feacc716000 rw-p 00000000 00:00 0 
7feacc716000-7fead0000000 ---p 00000000 00:00 0 
7fead0000000-7fead0021000 rw-p 00000000 00:00 0 
7fead0021000-7fead4000000 ---p 00000000 00:00 0 
7fead4000000-7fead507a000 rw-p 00000000 00:00 0 
7fead507a000-7fead8000000 ---p 00000000 00:00 0 
7fead8000000-7fead8021000 rw-p 00000000 00:00 0 
7fead8021000-7feadc000000 ---p 00000000 00:00 0 
7feadc000000-7feadc021000 rw-p 00000000 00:00 0 
7feadc021000-7feae0000000 ---p 00000000 00:00 0 
7feae0000000-7feae028f000 rw-p 00000000 00:00 0 
7feae028f000-7feae4000000 ---p 00000000 00:00 0 
7feae58dc000-7feae58df000 ---p 00000000 00:00 0 
7feae58df000-7feae59dd000 rw-p 00000000 00:00 0 
7feae59dd000-7feae59e0000 ---p 00000000 00:00 0 
7feae59e0000-7feae5ade000 rw-p 00000000 00:00 0 
7feae5ade000-7feae5ae1000 ---p 00000000 00:00 0 
7feae5ae1000-7feae5bdf000 rw-p 00000000 00:00 0 
7feae5bdf000-7feae5be2000 ---p 00000000 00:00 0 
7feae5be2000-7feae5ce0000 rw-p 00000000 00:00 0 
7feae5ce0000-7feae5ce3000 ---p 00000000 00:00 0 
7feae5ce3000-7feae5de1000 rw-p 00000000 00:00 0 
7feae5de1000-7feae5eff000 r--s 00bd7000 08:01 524987                     /home/stenio/Desktop/CaronaAmiga/app/build/intermediates/transforms/jarMerging/debug/jars/1/1f/combined.jar
7feae5eff000-7feae5f00000 ---p 00000000 00:00 0 
7feae5f00000-7feae8000000 rw-p 00000000 00:00 0 
7feae8000000-7feae8021000 rw-p 00000000 00:00 0 
7feae8021000-7feaec000000 ---p 00000000 00:00 0 
7feaec000000-7feaec021000 rw-p 00000000 00:00 0 
7feaec021000-7feaf0000000 ---p 00000000 00:00 0 
7feaf0000000-7feaf0021000 rw-p 00000000 00:00 0 
7feaf0021000-7feaf4000000 ---p 00000000 00:00 0 
7feaf4000000-7feaf4021000 rw-p 00000000 00:00 0 
7feaf4021000-7feaf8000000 ---p 00000000 00:00 0 
7feaf803b000-7feaf803e000 ---p 00000000 00:00 0 
7feaf803e000-7feaf813c000 rw-p 00000000 00:00 0 
7feaf813c000-7feaf813f000 ---p 00000000 00:00 0 
7feaf813f000-7feaf823d000 rw-p 00000000 00:00 0 
7feaf823d000-7feaf8240000 ---p 00000000 00:00 0 
7feaf8240000-7feaf833e000 rw-p 00000000 00:00 0 
7feaf833e000-7feaf8341000 ---p 00000000 00:00 0 
7feaf8341000-7feaf843f000 rw-p 00000000 00:00 0 
7feaf843f000-7feaf8442000 ---p 00000000 00:00 0 
7feaf8442000-7feaf8540000 rw-p 00000000 00:00 0 
7feaf8540000-7feaf8eff000 r--p 00000000 08:01 4594927                    /usr/lib/locale/locale-archive
7feaf8eff000-7feaf8f02000 ---p 00000000 00:00 0 
7feaf8f02000-7feaf9000000 rw-p 00000000 00:00 0 
7feaf9000000-7feaf9bd0000 rwxp 00000000 00:00 0 
7feaf9bd0000-7feb08000000 ---p 00000000 00:00 0 
7feb08000000-7feb083d6000 rw-p 00000000 00:00 0 
7feb083d6000-7feb0c000000 ---p 00000000 00:00 0 
7feb0c0ea000-7feb0c0ed000 ---p 00000000 00:00 0 
7feb0c0ed000-7feb0c1eb000 rw-p 00000000 00:00 0 
7feb0c1eb000-7feb0c1ec000 ---p 00000000 00:00 0 
7feb0c1ec000-7feb0d2ad000 rw-p 00000000 00:00 0 
7feb0d2ad000-7feb0d486000 r--s 03d1f000 08:01 4599198                    /usr/lib/jvm/java-8-oracle/jre/lib/rt.jar
7feb0d486000-7feb0dbbc000 rw-p 00000000 00:00 0 
7feb0dbbc000-7feb0dcfc000 ---p 00000000 00:00 0 
7feb0dcfc000-7feb0defc000 rw-p 00000000 00:00 0 
7feb0defc000-7feb0defd000 ---p 00000000 00:00 0 
7feb0defd000-7feb0dffd000 rw-p 00000000 00:00 0 
7feb0dffd000-7feb0dffe000 ---p 00000000 00:00 0 
7feb0dffe000-7feb0e0fe000 rw-p 00000000 00:00 0 
7feb0e0fe000-7feb0e0ff000 ---p 00000000 00:00 0 
7feb0e0ff000-7feb0e1ff000 rw-p 00000000 00:00 0 
7feb0e1ff000-7feb0e200000 ---p 00000000 00:00 0 
7feb0e200000-7feb0e3aa000 rw-p 00000000 00:00 0 
7feb0e3aa000-7feb0e456000 ---p 00000000 00:00 0 
7feb0e456000-7feb0e500000 rw-p 00000000 00:00 0 
7feb0e500000-7feb0e5ab000 ---p 00000000 00:00 0 
7feb0e5ab000-7feb0e654000 rw-p 00000000 00:00 0 
7feb0e654000-7feb0e656000 ---p 00000000 00:00 0 
7feb0e656000-7feb0e687000 rw-p 00000000 00:00 0 
7feb0e687000-7feb0ea17000 ---p 00000000 00:00 0 
7feb0ea17000-7feb0ea31000 r-xp 00000000 08:01 4599400                    /usr/lib/jvm/java-8-oracle/jre/lib/amd64/libzip.so
7feb0ea31000-7feb0ec31000 ---p 0001a000 08:01 4599400                    /usr/lib/jvm/java-8-oracle/jre/lib/amd64/libzip.so
7feb0ec31000-7feb0ec32000 rw-p 0001a000 08:01 4599400                    /usr/lib/jvm/java-8-oracle/jre/lib/amd64/libzip.so
7feb0ec32000-7feb0ec3d000 r-xp 00000000 08:01 4723284                    /lib/x86_64-linux-gnu/libnss_files-2.23.so
7feb0ec3d000-7feb0ee3c000 ---p 0000b000 08:01 4723284                    /lib/x86_64-linux-gnu/libnss_files-2.23.so
7feb0ee3c000-7feb0ee3d000 r--p 0000a000 08:01 4723284                    /lib/x86_64-linux-gnu/libnss_files-2.23.so
7feb0ee3d000-7feb0ee3e000 rw-p 0000b000 08:01 4723284                    /lib/x86_64-linux-gnu/libnss_files-2.23.so
7feb0ee3e000-7feb0ee44000 rw-p 00000000 00:00 0 
7feb0ee44000-7feb0ee4f000 r-xp 00000000 08:01 4723294                    /lib/x86_64-linux-gnu/libnss_nis-2.23.so
7feb0ee4f000-7feb0f04e000 ---p 0000b000 08:01 4723294                    /lib/x86_64-linux-gnu/libnss_nis-2.23.so
7feb0f04e000-7feb0f04f000 r--p 0000a000 08:01 4723294                    /lib/x86_64-linux-gnu/libnss_nis-2.23.so
7feb0f04f000-7feb0f050000 rw-p 0000b000 08:01 4723294                    /lib/x86_64-linux-gnu/libnss_nis-2.23.so
7feb0f050000-7feb0f066000 r-xp 00000000 08:01 4723278                    /lib/x86_64-linux-gnu/libnsl-2.23.so
7feb0f066000-7feb0f265000 ---p 00016000 08:01 4723278                    /lib/x86_64-linux-gnu/libnsl-2.23.so
7feb0f265000-7feb0f266000 r--p 00015000 08:01 4723278                    /lib/x86_64-linux-gnu/libnsl-2.23.so
7feb0f266000-7feb0f267000 rw-p 00016000 08:01 4723278                    /lib/x86_64-linux-gnu/libnsl-2.23.so
7feb0f267000-7feb0f269000 rw-p 00000000 00:00 0 
7feb0f269000-7feb0f271000 r-xp 00000000 08:01 4723280                    /lib/x86_64-linux-gnu/libnss_compat-2.23.so
7feb0f271000-7feb0f470000 ---p 00008000 08:01 4723280                    /lib/x86_64-linux-gnu/libnss_compat-2.23.so
7feb0f470000-7feb0f471000 r--p 00007000 08:01 4723280                    /lib/x86_64-linux-gnu/libnss_compat-2.23.so
7feb0f471000-7feb0f472000 rw-p 00008000 08:01 4723280                    /lib/x86_64-linux-gnu/libnss_compat-2.23.so
7feb0f472000-7feb0f49c000 r-xp 00000000 08:01 4599395                    /usr/lib/jvm/java-8-oracle/jre/lib/amd64/libjava.so
7feb0f49c000-7feb0f69c000 ---p 0002a000 08:01 4599395                    /usr/lib/jvm/java-8-oracle/jre/lib/amd64/libjava.so
7feb0f69c000-7feb0f69e000 rw-p 0002a000 08:01 4599395                    /usr/lib/jvm/java-8-oracle/jre/lib/amd64/libjava.so
7feb0f69e000-7feb0f6ab000 r-xp 00000000 08:01 4599399                    /usr/lib/jvm/java-8-oracle/jre/lib/amd64/libverify.so
7feb0f6ab000-7feb0f8ab000 ---p 0000d000 08:01 4599399                    /usr/lib/jvm/java-8-oracle/jre/lib/amd64/libverify.so
7feb0f8ab000-7feb0f8ad000 rw-p 0000d000 08:01 4599399                    /usr/lib/jvm/java-8-oracle/jre/lib/amd64/libverify.so
7feb0f8ad000-7feb0f8b4000 r-xp 00000000 08:01 4723339                    /lib/x86_64-linux-gnu/librt-2.23.so
7feb0f8b4000-7feb0fab3000 ---p 00007000 08:01 4723339                    /lib/x86_64-linux-gnu/librt-2.23.so
7feb0fab3000-7feb0fab4000 r--p 00006000 08:01 4723339                    /lib/x86_64-linux-gnu/librt-2.23.so
7feb0fab4000-7feb0fab5000 rw-p 00007000 08:01 4723339                    /lib/x86_64-linux-gnu/librt-2.23.so
7feb0fab5000-7feb0fbbd000 r-xp 00000000 08:01 4723255                    /lib/x86_64-linux-gnu/libm-2.23.so
7feb0fbbd000-7feb0fdbc000 ---p 00108000 08:01 4723255                    /lib/x86_64-linux-gnu/libm-2.23.so
7feb0fdbc000-7feb0fdbd000 r--p 00107000 08:01 4723255                    /lib/x86_64-linux-gnu/libm-2.23.so
7feb0fdbd000-7feb0fdbe000 rw-p 00108000 08:01 4723255                    /lib/x86_64-linux-gnu/libm-2.23.so
7feb0fdbe000-7feb10a7e000 r-xp 00000000 08:01 4599378                    /usr/lib/jvm/java-8-oracle/jre/lib/amd64/server/libjvm.so
7feb10a7e000-7feb10c7e000 ---p 00cc0000 08:01 4599378                    /usr/lib/jvm/java-8-oracle/jre/lib/amd64/server/libjvm.so
7feb10c7e000-7feb10d56000 rw-p 00cc0000 08:01 4599378                    /usr/lib/jvm/java-8-oracle/jre/lib/amd64/server/libjvm.so
7feb10d56000-7feb10da1000 rw-p 00000000 00:00 0 
7feb10da1000-7feb10f61000 r-xp 00000000 08:01 4723185                    /lib/x86_64-linux-gnu/libc-2.23.so
7feb10f61000-7feb11160000 ---p 001c0000 08:01 4723185                    /lib/x86_64-linux-gnu/libc-2.23.so
7feb11160000-7feb11164000 r--p 001bf000 08:01 4723185                    /lib/x86_64-linux-gnu/libc-2.23.so
7feb11164000-7feb11166000 rw-p 001c3000 08:01 4723185                    /lib/x86_64-linux-gnu/libc-2.23.so
7feb11166000-7feb1116a000 rw-p 00000000 00:00 0 
7feb1116a000-7feb1116d000 r-xp 00000000 08:01 4723209                    /lib/x86_64-linux-gnu/libdl-2.23.so
7feb1116d000-7feb1136c000 ---p 00003000 08:01 4723209                    /lib/x86_64-linux-gnu/libdl-2.23.so
7feb1136c000-7feb1136d000 r--p 00002000 08:01 4723209                    /lib/x86_64-linux-gnu/libdl-2.23.so
7feb1136d000-7feb1136e000 rw-p 00003000 08:01 4723209                    /lib/x86_64-linux-gnu/libdl-2.23.so
7feb1136e000-7feb11383000 r-xp 00000000 08:01 4599013                    /usr/lib/jvm/java-8-oracle/lib/amd64/jli/libjli.so
7feb11383000-7feb11583000 ---p 00015000 08:01 4599013                    /usr/lib/jvm/java-8-oracle/lib/amd64/jli/libjli.so
7feb11583000-7feb11584000 rw-p 00015000 08:01 4599013                    /usr/lib/jvm/java-8-oracle/lib/amd64/jli/libjli.so
7feb11584000-7feb1159c000 r-xp 00000000 08:01 4723331                    /lib/x86_64-linux-gnu/libpthread-2.23.so
7feb1159c000-7feb1179b000 ---p 00018000 08:01 4723331                    /lib/x86_64-linux-gnu/libpthread-2.23.so
7feb1179b000-7feb1179c000 r--p 00017000 08:01 4723331                    /lib/x86_64-linux-gnu/libpthread-2.23.so
7feb1179c000-7feb1179d000 rw-p 00018000 08:01 4723331                    /lib/x86_64-linux-gnu/libpthread-2.23.so
7feb1179d000-7feb117a1000 rw-p 00000000 00:00 0 
7feb117a1000-7feb117c7000 r-xp 00000000 08:01 4723157                    /lib/x86_64-linux-gnu/ld-2.23.so
7feb117cc000-7feb118a5000 rw-p 00000000 00:00 0 
7feb118a5000-7feb118a8000 ---p 00000000 00:00 0 
7feb118a8000-7feb119aa000 rw-p 00000000 00:00 0 
7feb119ab000-7feb119ba000 r--s 000df000 08:01 2370582                    /home/stenio/Android/Sdk/build-tools/23.0.3/lib/dx.jar
7feb119ba000-7feb119c2000 rw-s 00000000 08:01 6445619                    /tmp/hsperfdata_stenio/11329
7feb119c2000-7feb119c3000 rw-p 00000000 00:00 0 
7feb119c3000-7feb119c4000 ---p 00000000 00:00 0 
7feb119c4000-7feb119c6000 rw-p 00000000 00:00 0 
7feb119c6000-7feb119c7000 r--p 00025000 08:01 4723157                    /lib/x86_64-linux-gnu/ld-2.23.so
7feb119c7000-7feb119c8000 rw-p 00026000 08:01 4723157                    /lib/x86_64-linux-gnu/ld-2.23.so
7feb119c8000-7feb119c9000 rw-p 00000000 00:00 0 
7fffffdc4000-7fffffde5000 rw-p 00000000 00:00 0                          [stack]
7fffffdf9000-7fffffdfb000 r--p 00000000 00:00 0                          [vvar]
7fffffdfb000-7fffffdfd000 r-xp 00000000 00:00 0                          [vdso]
ffffffffff600000-ffffffffff601000 r-xp 00000000 00:00 0                  [vsyscall]

VM Arguments:
jvm_args: -Djava.awt.headless=true -Xmx1024M -Dfile.encoding=UTF-8 -Duser.country=US -Duser.language=en -Duser.variant 
java_command: com.android.dx.command.Main --dex --num-threads=4 --multi-dex --main-dex-list /home/stenio/Desktop/CaronaAmiga/app/build/intermediates/multi-dex/debug/maindexlist.txt --output /home/stenio/Desktop/CaronaAmiga/app/build/intermediates/transforms/dex/debug/folders/1000/1f/main /home/stenio/Desktop/CaronaAmiga/app/build/intermediates/transforms/jarMerging/debug/jars/1/1f/combined.jar
java_class_path (initial): /home/stenio/Android/Sdk/build-tools/23.0.3/lib/dx.jar
Launcher Type: SUN_STANDARD

Environment Variables:
PATH=/usr/local/sbin:/usr/local/bin:/usr/sbin:/usr/bin:/sbin:/bin:/usr/games:/usr/local/games:/snap/bin:/home/stenio/.rvm/bin
LD_LIBRARY_PATH=/usr/local/android-studio/bin:
SHELL=/bin/bash
DISPLAY=:0

Signal Handlers:
SIGSEGV: [libjvm.so+0xabca10], sa_mask[0]=11111111011111111101111111111110, sa_flags=SA_RESTART|SA_SIGINFO
SIGBUS: [libjvm.so+0xabca10], sa_mask[0]=11111111011111111101111111111110, sa_flags=SA_RESTART|SA_SIGINFO
SIGFPE: [libjvm.so+0x919a20], sa_mask[0]=11111111011111111101111111111110, sa_flags=SA_RESTART|SA_SIGINFO
SIGPIPE: [libjvm.so+0x919a20], sa_mask[0]=11111111011111111101111111111110, sa_flags=SA_RESTART|SA_SIGINFO
SIGXFSZ: [libjvm.so+0x919a20], sa_mask[0]=11111111011111111101111111111110, sa_flags=SA_RESTART|SA_SIGINFO
SIGILL: [libjvm.so+0x919a20], sa_mask[0]=11111111011111111101111111111110, sa_flags=SA_RESTART|SA_SIGINFO
SIGUSR1: SIG_DFL, sa_mask[0]=00000000000000000000000000000000, sa_flags=none
SIGUSR2: [libjvm.so+0x91b050], sa_mask[0]=00100000000000000000000000000000, sa_flags=SA_RESTART|SA_SIGINFO
SIGHUP: [libjvm.so+0x91c450], sa_mask[0]=11111111011111111101111111111110, sa_flags=SA_RESTART|SA_SIGINFO
SIGINT: [libjvm.so+0x91c450], sa_mask[0]=11111111011111111101111111111110, sa_flags=SA_RESTART|SA_SIGINFO
SIGTERM: [libjvm.so+0x91c450], sa_mask[0]=11111111011111111101111111111110, sa_flags=SA_RESTART|SA_SIGINFO
SIGQUIT: [libjvm.so+0x91c450], sa_mask[0]=11111111011111111101111111111110, sa_flags=SA_RESTART|SA_SIGINFO


---------------  S Y S T E M  ---------------

OS:DISTRIB_ID=Ubuntu
DISTRIB_RELEASE=16.04
DISTRIB_CODENAME=xenial
DISTRIB_DESCRIPTION="Ubuntu 16.04 LTS"

uname:Linux 4.4.0-28-generic #47-Ubuntu SMP Fri Jun 24 10:09:13 UTC 2016 x86_64
libc:glibc 2.23 NPTL 2.23 
rlimit: STACK 8192k, CORE 0k, NPROC 15117, NOFILE 65536, AS infinity
load average:7,21 4,91 2,78

/proc/meminfo:
MemTotal:        3908736 kB
MemFree:          107628 kB
MemAvailable:      63740 kB
Buffers:            1668 kB
Cached:           290552 kB
SwapCached:         7384 kB
Active:          2701644 kB
Inactive:         852676 kB
Active(anon):    2661544 kB
Inactive(anon):   801176 kB
Active(file):      40100 kB
Inactive(file):    51500 kB
Unevictable:          32 kB
Mlocked:              32 kB
SwapTotal:       4054012 kB
SwapFree:           4516 kB
Dirty:               472 kB
Writeback:             0 kB
AnonPages:       3257472 kB
Mapped:           197876 kB
Shmem:            200156 kB
Slab:             108872 kB
SReclaimable:      56952 kB
SUnreclaim:        51920 kB
KernelStack:       14064 kB
PageTables:        69592 kB
NFS_Unstable:          0 kB
Bounce:                0 kB
WritebackTmp:          0 kB
CommitLimit:     6008380 kB
Committed_AS:   15645256 kB
VmallocTotal:   34359738367 kB
VmallocUsed:           0 kB
VmallocChunk:          0 kB
HardwareCorrupted:     0 kB
AnonHugePages:    337920 kB
CmaTotal:              0 kB
CmaFree:               0 kB
HugePages_Total:       0
HugePages_Free:        0
HugePages_Rsvd:        0
HugePages_Surp:        0
Hugepagesize:       2048 kB
DirectMap4k:      304616 kB
DirectMap2M:     3751936 kB


CPU:total 4 (2 cores per cpu, 2 threads per core) family 6 model 58 stepping 9, cmov, cx8, fxsr, mmx, sse, sse2, sse3, ssse3, sse4.1, sse4.2, popcnt, avx, aes, clmul, erms, ht, tsc, tscinvbit, tscinv

/proc/cpuinfo:
processor	: 0
vendor_id	: GenuineIntel
cpu family	: 6
model		: 58
model name	: Intel(R) Core(TM) i5-3337U CPU @ 1.80GHz
stepping	: 9
microcode	: 0x17
cpu MHz		: 2499.960
cache size	: 3072 KB
physical id	: 0
siblings	: 4
core id		: 0
cpu cores	: 2
apicid		: 0
initial apicid	: 0
fpu		: yes
fpu_exception	: yes
cpuid level	: 13
wp		: yes
flags		: fpu vme de pse tsc msr pae mce cx8 apic sep mtrr pge mca cmov pat pse36 clflush dts acpi mmx fxsr sse sse2 ss ht tm pbe syscall nx rdtscp lm constant_tsc arch_perfmon pebs bts rep_good nopl xtopology nonstop_tsc aperfmperf eagerfpu pni pclmulqdq dtes64 monitor ds_cpl vmx est tm2 ssse3 cx16 xtpr pdcm pcid sse4_1 sse4_2 x2apic popcnt tsc_deadline_timer aes xsave avx f16c rdrand lahf_lm epb tpr_shadow vnmi flexpriority ept vpid fsgsbase smep erms xsaveopt dtherm ida arat pln pts
bugs		:
bogomips	: 3591.85
clflush size	: 64
cache_alignment	: 64
address sizes	: 36 bits physical, 48 bits virtual
power management:

processor	: 1
vendor_id	: GenuineIntel
cpu family	: 6
model		: 58
model name	: Intel(R) Core(TM) i5-3337U CPU @ 1.80GHz
stepping	: 9
microcode	: 0x17
cpu MHz		: 2499.960
cache size	: 3072 KB
physical id	: 0
siblings	: 4
core id		: 1
cpu cores	: 2
apicid		: 2
initial apicid	: 2
fpu		: yes
fpu_exception	: yes
cpuid level	: 13
wp		: yes
flags		: fpu vme de pse tsc msr pae mce cx8 apic sep mtrr pge mca cmov pat pse36 clflush dts acpi mmx fxsr sse sse2 ss ht tm pbe syscall nx rdtscp lm constant_tsc arch_perfmon pebs bts rep_good nopl xtopology nonstop_tsc aperfmperf eagerfpu pni pclmulqdq dtes64 monitor ds_cpl vmx est tm2 ssse3 cx16 xtpr pdcm pcid sse4_1 sse4_2 x2apic popcnt tsc_deadline_timer aes xsave avx f16c rdrand lahf_lm epb tpr_shadow vnmi flexpriority ept vpid fsgsbase smep erms xsaveopt dtherm ida arat pln pts
bugs		:
bogomips	: 3591.85
clflush size	: 64
cache_alignment	: 64
address sizes	: 36 bits physical, 48 bits virtual
power management:

processor	: 2
vendor_id	: GenuineIntel
cpu family	: 6
model		: 58
model name	: Intel(R) Core(TM) i5-3337U CPU @ 1.80GHz
stepping	: 9
microcode	: 0x17
cpu MHz		: 2499.960
cache size	: 3072 KB
physical id	: 0
siblings	: 4
core id		: 0
cpu cores	: 2
apicid		: 1
initial apicid	: 1
fpu		: yes
fpu_exception	: yes
cpuid level	: 13
wp		: yes
flags		: fpu vme de pse tsc msr pae mce cx8 apic sep mtrr pge mca cmov pat pse36 clflush dts acpi mmx fxsr sse sse2 ss ht tm pbe syscall nx rdtscp lm constant_tsc arch_perfmon pebs bts rep_good nopl xtopology nonstop_tsc aperfmperf eagerfpu pni pclmulqdq dtes64 monitor ds_cpl vmx est tm2 ssse3 cx16 xtpr pdcm pcid sse4_1 sse4_2 x2apic popcnt tsc_deadline_timer aes xsave avx f16c rdrand lahf_lm epb tpr_shadow vnmi flexpriority ept vpid fsgsbase smep erms xsaveopt dtherm ida arat pln pts
bugs		:
bogomips	: 3591.85
clflush size	: 64
cache_alignment	: 64
address sizes	: 36 bits physical, 48 bits virtual
power management:

processor	: 3
vendor_id	: GenuineIntel
cpu family	: 6
model		: 58
model name	: Intel(R) Core(TM) i5-3337U CPU @ 1.80GHz
stepping	: 9
microcode	: 0x17
cpu MHz		: 2499.960
cache size	: 3072 KB
physical id	: 0
siblings	: 4
core id		: 1
cpu cores	: 2
apicid		: 3
initial apicid	: 3
fpu		: yes
fpu_exception	: yes
cpuid level	: 13
wp		: yes
flags		: fpu vme de pse tsc msr pae mce cx8 apic sep mtrr pge mca cmov pat pse36 clflush dts acpi mmx fxsr sse sse2 ss ht tm pbe syscall nx rdtscp lm constant_tsc arch_perfmon pebs bts rep_good nopl xtopology nonstop_tsc aperfmperf eagerfpu pni pclmulqdq dtes64 monitor ds_cpl vmx est tm2 ssse3 cx16 xtpr pdcm pcid sse4_1 sse4_2 x2apic popcnt tsc_deadline_timer aes xsave avx f16c rdrand lahf_lm epb tpr_shadow vnmi flexpriority ept vpid fsgsbase smep erms xsaveopt dtherm ida arat pln pts
bugs		:
bogomips	: 3591.85
clflush size	: 64
cache_alignment	: 64
address sizes	: 36 bits physical, 48 bits virtual
power management:



Memory: 4k page, physical 3908736k(107628k free), swap 4054012k(4516k free)

vm_info: Java HotSpot(TM) 64-Bit Server VM (25.91-b14) for linux-amd64 JRE (1.8.0_91-b14), built on Apr  1 2016 00:57:21 by "java_re" with gcc 4.3.0 20080428 (Red Hat 4.3.0-8)

time: Thu Jul  7 19:33:03 2016
elapsed time: 20 seconds (0d 0h 0m 20s)

